<?xml version="1.0" encoding="UTF-8"?>
<testng-results skipped="0" failed="0" total="1" passed="1">
  <reporter-output>
  </reporter-output>
  <suite name="Surefire suite" duration-ms="14913" started-at="2016-06-14T12:40:17Z" finished-at="2016-06-14T12:40:32Z">
    <groups>
    </groups>
    <test name="Surefire test" duration-ms="14913" started-at="2016-06-14T12:40:17Z" finished-at="2016-06-14T12:40:32Z">
      <class name="TestCases.TestDriver">
        <test-method status="PASS" signature="Launch()[pri:0, instance:TestCases.TestDriver@153f5a29]" name="Launch" duration-ms="14904" started-at="2016-06-14T18:10:17Z" finished-at="2016-06-14T18:10:32Z">
          <reporter-output>
          </reporter-output>
        </test-method> <!-- Launch -->
      </class> <!-- TestCases.TestDriver -->
    </test> <!-- Surefire test -->
  </suite> <!-- Surefire suite -->
</testng-results>
