<?xml version="1.0" encoding="UTF-8"?>
<testng-results skipped="0" failed="0" total="1" passed="1">
  <reporter-output>
  </reporter-output>
  <suite name="Suite" duration-ms="14344" started-at="2016-06-14T12:40:17Z" finished-at="2016-06-14T12:40:32Z">
    <groups>
    </groups>
    <test name="Test" duration-ms="14344" started-at="2016-06-14T12:40:17Z" finished-at="2016-06-14T12:40:32Z">
      <class name="TestCases.TestCases">
        <test-method status="PASS" signature="start()[pri:0, instance:TestCases.TestCases@48524010]" name="start" is-config="true" duration-ms="2" started-at="2016-06-14T18:10:17Z" finished-at="2016-06-14T18:10:17Z">
          <reporter-output>
          </reporter-output>
        </test-method> <!-- start -->
        <test-method status="PASS" signature="TC_001()[pri:0, instance:TestCases.TestCases@48524010]" name="TC_001" duration-ms="14338" started-at="2016-06-14T18:10:17Z" finished-at="2016-06-14T18:10:32Z">
          <reporter-output>
          </reporter-output>
        </test-method> <!-- TC_001 -->
      </class> <!-- TestCases.TestCases -->
    </test> <!-- Test -->
  </suite> <!-- Suite -->
</testng-results>
